2023-12-18 21:12:215 INFO  HomePage :32 - Entering username into : [[ChromeDriver: chrome on windows (eedd45c6e6e7fef1375cd1e29be7213e)] -> name: username]
2023-12-18 21:12:435 INFO  HomePage :37 - Entering password into : [[ChromeDriver: chrome on windows (eedd45c6e6e7fef1375cd1e29be7213e)] -> name: password]
2023-12-18 21:12:791 INFO  HomePage :47 - Clicking on Login Button : [[ChromeDriver: chrome on windows (eedd45c6e6e7fef1375cd1e29be7213e)] -> xpath: //button[normalize-space()='Login']]
2023-12-18 21:12:415 INFO  HomePage :38 - Clicking on Admin link : [[ChromeDriver: chrome on windows (eedd45c6e6e7fef1375cd1e29be7213e)] -> xpath: //li[1]//a[1]//span[1]]
2023-12-18 21:12:274 INFO  HomePage :68 - Getting text from : [[ChromeDriver: chrome on windows (eedd45c6e6e7fef1375cd1e29be7213e)] -> xpath: //h5[normalize-space()='System Users']]
2023-12-18 21:12:835 INFO  HomePage :103 - Clicking on Add button : [[ChromeDriver: chrome on windows (eedd45c6e6e7fef1375cd1e29be7213e)] -> xpath: //button[normalize-space()='Add']]
2023-12-18 21:12:438 INFO  HomePage :68 - Getting text from : Proxy element for: DefaultElementLocator 'By.xpath: //h5[normalize-space()='System Users']'
2023-12-18 21:12:363 INFO  HomePage :32 - Entering username into : [[ChromeDriver: chrome on windows (1fbc7b78acc437062a1604885d5c86cf)] -> name: username]
2023-12-18 21:12:608 INFO  HomePage :37 - Entering password into : [[ChromeDriver: chrome on windows (1fbc7b78acc437062a1604885d5c86cf)] -> name: password]
2023-12-18 21:12:852 INFO  HomePage :47 - Clicking on Login Button : [[ChromeDriver: chrome on windows (1fbc7b78acc437062a1604885d5c86cf)] -> xpath: //button[normalize-space()='Login']]
2023-12-18 21:12:367 INFO  HomePage :38 - Clicking on Admin link : [[ChromeDriver: chrome on windows (1fbc7b78acc437062a1604885d5c86cf)] -> xpath: //li[1]//a[1]//span[1]]
2023-12-18 21:12:238 INFO  HomePage :68 - Getting text from : [[ChromeDriver: chrome on windows (1fbc7b78acc437062a1604885d5c86cf)] -> xpath: //h5[normalize-space()='System Users']]
2023-12-18 21:12:616 INFO  HomePage :73 - Entering username into : [[ChromeDriver: chrome on windows (1fbc7b78acc437062a1604885d5c86cf)] -> xpath: //div[@class='oxd-input-group oxd-input-field-bottom-space']//div//input[@class='oxd-input oxd-input--active']]
2023-12-18 21:12:807 INFO  HomePage :78 - Selecting user role from : [[ChromeDriver: chrome on windows (1fbc7b78acc437062a1604885d5c86cf)] -> xpath: (//div[contains(text(),'-- Select --')])[1]]
2023-12-18 21:12:941 INFO  HomePage :88 - Selecting status from : [[ChromeDriver: chrome on windows (1fbc7b78acc437062a1604885d5c86cf)] -> xpath: (//div[contains(text(),'-- Select --')])[2]]
2023-12-18 21:12:90 INFO  HomePage :93 - Clicking on Search button : [[ChromeDriver: chrome on windows (1fbc7b78acc437062a1604885d5c86cf)] -> xpath: //button[normalize-space()='Search']]
2023-12-18 21:12:315 INFO  HomePage :127 - Getting text from : [[ChromeDriver: chrome on windows (1fbc7b78acc437062a1604885d5c86cf)] -> xpath: //span[@class='oxd-text oxd-text--span']]
2023-12-18 21:12:898 INFO  HomePage :32 - Entering username into : [[ChromeDriver: chrome on windows (ddeeb66d419de47968ef82969747c110)] -> name: username]
2023-12-18 21:12:152 INFO  HomePage :37 - Entering password into : [[ChromeDriver: chrome on windows (ddeeb66d419de47968ef82969747c110)] -> name: password]
2023-12-18 21:12:443 INFO  HomePage :47 - Clicking on Login Button : [[ChromeDriver: chrome on windows (ddeeb66d419de47968ef82969747c110)] -> xpath: //button[normalize-space()='Login']]
2023-12-18 21:12:328 INFO  HomePage :38 - Clicking on Admin link : [[ChromeDriver: chrome on windows (ddeeb66d419de47968ef82969747c110)] -> xpath: //li[1]//a[1]//span[1]]
2023-12-18 21:12:509 INFO  HomePage :68 - Getting text from : [[ChromeDriver: chrome on windows (ddeeb66d419de47968ef82969747c110)] -> xpath: //h5[normalize-space()='System Users']]
2023-12-18 21:12:174 INFO  HomePage :73 - Entering username into : [[ChromeDriver: chrome on windows (ddeeb66d419de47968ef82969747c110)] -> xpath: //div[@class='oxd-input-group oxd-input-field-bottom-space']//div//input[@class='oxd-input oxd-input--active']]
2023-12-18 21:12:437 INFO  HomePage :78 - Selecting user role from : [[ChromeDriver: chrome on windows (ddeeb66d419de47968ef82969747c110)] -> xpath: (//div[contains(text(),'-- Select --')])[1]]
2023-12-18 21:12:645 INFO  HomePage :88 - Selecting status from : [[ChromeDriver: chrome on windows (ddeeb66d419de47968ef82969747c110)] -> xpath: (//div[contains(text(),'-- Select --')])[2]]
2023-12-18 21:12:838 INFO  HomePage :93 - Clicking on Search button : [[ChromeDriver: chrome on windows (ddeeb66d419de47968ef82969747c110)] -> xpath: //button[normalize-space()='Search']]
2023-12-18 21:12:69 INFO  HomePage :127 - Getting text from : [[ChromeDriver: chrome on windows (ddeeb66d419de47968ef82969747c110)] -> xpath: //span[@class='oxd-text oxd-text--span']]
2023-12-18 21:12:314 INFO  HomePage :32 - Entering username into : [[ChromeDriver: chrome on windows (ae03e913dcd38d359711af926ce913b9)] -> name: username]
2023-12-18 21:12:574 INFO  HomePage :37 - Entering password into : [[ChromeDriver: chrome on windows (ae03e913dcd38d359711af926ce913b9)] -> name: password]
2023-12-18 21:12:804 INFO  HomePage :47 - Clicking on Login Button : [[ChromeDriver: chrome on windows (ae03e913dcd38d359711af926ce913b9)] -> xpath: //button[normalize-space()='Login']]
2023-12-18 21:12:303 INFO  HomePage :38 - Clicking on Admin link : [[ChromeDriver: chrome on windows (ae03e913dcd38d359711af926ce913b9)] -> xpath: //li[1]//a[1]//span[1]]
2023-12-18 21:12:954 INFO  HomePage :68 - Getting text from : [[ChromeDriver: chrome on windows (ae03e913dcd38d359711af926ce913b9)] -> xpath: //h5[normalize-space()='System Users']]
2023-12-18 21:12:51 INFO  HomePage :103 - Clicking on Add button : [[ChromeDriver: chrome on windows (ae03e913dcd38d359711af926ce913b9)] -> xpath: //button[normalize-space()='Add']]
2023-12-18 21:12:962 INFO  HomePage :68 - Getting text from : Proxy element for: DefaultElementLocator 'By.xpath: //h5[normalize-space()='System Users']'
2023-12-18 21:12:266 INFO  HomePage :32 - Entering username into : [[ChromeDriver: chrome on windows (942cca9f1b9fdcb00cfb4cf11c10ca5c)] -> name: username]
2023-12-18 21:12:554 INFO  HomePage :37 - Entering password into : [[ChromeDriver: chrome on windows (942cca9f1b9fdcb00cfb4cf11c10ca5c)] -> name: password]
2023-12-18 21:12:847 INFO  HomePage :47 - Clicking on Login Button : [[ChromeDriver: chrome on windows (942cca9f1b9fdcb00cfb4cf11c10ca5c)] -> xpath: //button[normalize-space()='Login']]
2023-12-18 21:12:511 INFO  HomePage :38 - Clicking on Admin link : [[ChromeDriver: chrome on windows (942cca9f1b9fdcb00cfb4cf11c10ca5c)] -> xpath: //li[1]//a[1]//span[1]]
2023-12-18 21:12:417 INFO  HomePage :68 - Getting text from : [[ChromeDriver: chrome on windows (942cca9f1b9fdcb00cfb4cf11c10ca5c)] -> xpath: //h5[normalize-space()='System Users']]
2023-12-18 21:12:14 INFO  HomePage :103 - Clicking on Add button : [[ChromeDriver: chrome on windows (942cca9f1b9fdcb00cfb4cf11c10ca5c)] -> xpath: //button[normalize-space()='Add']]
2023-12-18 21:12:652 INFO  HomePage :68 - Getting text from : Proxy element for: DefaultElementLocator 'By.xpath: //h5[normalize-space()='System Users']'
2023-12-18 22:12:978 INFO  HomePage :32 - Entering username into : [[ChromeDriver: chrome on windows (8bc058e8e085c83cdc4bcd9dcf7d545c)] -> name: username]
2023-12-18 22:12:63 INFO  HomePage :37 - Entering password into : [[ChromeDriver: chrome on windows (8bc058e8e085c83cdc4bcd9dcf7d545c)] -> name: password]
2023-12-18 22:12:206 INFO  HomePage :47 - Clicking on Login Button : [[ChromeDriver: chrome on windows (8bc058e8e085c83cdc4bcd9dcf7d545c)] -> xpath: //button[normalize-space()='Login']]
2023-12-18 22:12:714 INFO  HomePage :27 - Getting text from : [[ChromeDriver: chrome on windows (8bc058e8e085c83cdc4bcd9dcf7d545c)] -> xpath: //h6[normalize-space()='Dashboard']]
2023-12-18 23:12:946 INFO  HomePage :32 - Entering username into : [[ChromeDriver: chrome on windows (397ae4e8779ae379192e3bb23bd0c953)] -> name: username]
2023-12-18 23:12:92 INFO  HomePage :37 - Entering password into : [[ChromeDriver: chrome on windows (397ae4e8779ae379192e3bb23bd0c953)] -> name: password]
2023-12-18 23:12:355 INFO  HomePage :47 - Clicking on Login Button : [[ChromeDriver: chrome on windows (397ae4e8779ae379192e3bb23bd0c953)] -> xpath: //button[normalize-space()='Login']]
2023-12-18 23:12:185 INFO  HomePage :38 - Clicking on Admin link : [[ChromeDriver: chrome on windows (397ae4e8779ae379192e3bb23bd0c953)] -> xpath: //li[1]//a[1]//span[1]]
2023-12-18 23:12:947 INFO  HomePage :78 - Getting text from : [[ChromeDriver: chrome on windows (397ae4e8779ae379192e3bb23bd0c953)] -> xpath: //h5[normalize-space()='System Users']]
2023-12-18 23:12:31 INFO  HomePage :83 - Entering username into : [[ChromeDriver: chrome on windows (397ae4e8779ae379192e3bb23bd0c953)] -> xpath: //div[@class='oxd-input-group oxd-input-field-bottom-space']//div//input[@class='oxd-input oxd-input--active']]
2023-12-18 23:12:495 INFO  HomePage :103 - Selecting status from : [[ChromeDriver: chrome on windows (397ae4e8779ae379192e3bb23bd0c953)] -> xpath: (//div[contains(text(),'-- Select --')])[2]]
2023-12-18 23:12:624 INFO  HomePage :108 - Clicking on Search button : [[ChromeDriver: chrome on windows (397ae4e8779ae379192e3bb23bd0c953)] -> xpath: //button[normalize-space()='Search']]
2023-12-18 23:12:843 INFO  HomePage :142 - Getting text from : [[ChromeDriver: chrome on windows (397ae4e8779ae379192e3bb23bd0c953)] -> xpath: //span[@class='oxd-text oxd-text--span']]
2023-12-19 22:12:23 INFO  HomePage :32 - Entering username into : [[ChromeDriver: chrome on windows (f8c84c35d4a5b89231c5224519a48e01)] -> name: username]
2023-12-19 22:12:182 INFO  HomePage :37 - Entering password into : [[ChromeDriver: chrome on windows (f8c84c35d4a5b89231c5224519a48e01)] -> name: password]
2023-12-19 22:12:323 INFO  HomePage :47 - Clicking on Login Button : [[ChromeDriver: chrome on windows (f8c84c35d4a5b89231c5224519a48e01)] -> xpath: //button[normalize-space()='Login']]
2023-12-19 22:12:525 INFO  HomePage :27 - Getting text from : [[ChromeDriver: chrome on windows (f8c84c35d4a5b89231c5224519a48e01)] -> xpath: //h6[normalize-space()='Dashboard']]
2023-12-19 22:12:387 INFO  HomePage :32 - Entering username into : [[ChromeDriver: chrome on windows (e6c04c35eead94115dd64d36c5db4b91)] -> name: username]
2023-12-19 22:12:465 INFO  HomePage :37 - Entering password into : [[ChromeDriver: chrome on windows (e6c04c35eead94115dd64d36c5db4b91)] -> name: password]
2023-12-19 22:12:563 INFO  HomePage :47 - Clicking on Login Button : [[ChromeDriver: chrome on windows (e6c04c35eead94115dd64d36c5db4b91)] -> xpath: //button[normalize-space()='Login']]
2023-12-19 22:12:360 INFO  HomePage :32 - Entering username into : [[ChromeDriver: chrome on windows (2cf4bf311df1ae4263ab36f598901c27)] -> name: username]
2023-12-19 22:12:516 INFO  HomePage :37 - Entering password into : [[ChromeDriver: chrome on windows (2cf4bf311df1ae4263ab36f598901c27)] -> name: password]
2023-12-19 22:12:681 INFO  HomePage :47 - Clicking on Login Button : [[ChromeDriver: chrome on windows (2cf4bf311df1ae4263ab36f598901c27)] -> xpath: //button[normalize-space()='Login']]
2023-12-19 22:12:964 INFO  HomePage :32 - Clicking on Profile logo : [[ChromeDriver: chrome on windows (2cf4bf311df1ae4263ab36f598901c27)] -> xpath: //p[@class='oxd-userdropdown-name']]
2023-12-19 22:12:516 INFO  HomePage :37 - Clicking on Log out link : [[ChromeDriver: chrome on windows (2cf4bf311df1ae4263ab36f598901c27)] -> link text: Logout]
2023-12-19 22:12:695 INFO  HomePage :42 - Getting text from : [[ChromeDriver: chrome on windows (2cf4bf311df1ae4263ab36f598901c27)] -> xpath: //h5[normalize-space()='Login']]
2023-12-19 22:12:954 INFO  HomePage :32 - Entering username into : [[ChromeDriver: chrome on windows (423cc5b1788602976f102638afaba4f2)] -> name: username]
2023-12-19 22:12:83 INFO  HomePage :37 - Entering password into : [[ChromeDriver: chrome on windows (423cc5b1788602976f102638afaba4f2)] -> name: password]
2023-12-19 22:12:291 INFO  HomePage :47 - Clicking on Login Button : [[ChromeDriver: chrome on windows (423cc5b1788602976f102638afaba4f2)] -> xpath: //button[normalize-space()='Login']]
2023-12-19 22:12:561 INFO  HomePage :32 - Clicking on Profile logo : [[ChromeDriver: chrome on windows (423cc5b1788602976f102638afaba4f2)] -> xpath: //p[@class='oxd-userdropdown-name']]
2023-12-19 22:12:87 INFO  HomePage :37 - Clicking on Log out link : [[ChromeDriver: chrome on windows (423cc5b1788602976f102638afaba4f2)] -> link text: Logout]
2023-12-19 22:12:175 INFO  HomePage :42 - Getting text from : [[ChromeDriver: chrome on windows (423cc5b1788602976f102638afaba4f2)] -> xpath: //h5[normalize-space()='Login']]
2023-12-19 22:12:705 INFO  HomePage :32 - Entering username into : [[ChromeDriver: chrome on windows (f4d3251b70ddf9c0beeaf218d0e46bef)] -> name: username]
2023-12-19 22:12:772 INFO  HomePage :37 - Entering password into : [[ChromeDriver: chrome on windows (f4d3251b70ddf9c0beeaf218d0e46bef)] -> name: password]
2023-12-19 22:12:873 INFO  HomePage :47 - Clicking on Login Button : [[ChromeDriver: chrome on windows (f4d3251b70ddf9c0beeaf218d0e46bef)] -> xpath: //button[normalize-space()='Login']]
2023-12-19 22:12:550 INFO  HomePage :32 - Entering username into : [[ChromeDriver: chrome on windows (41cdb7ce86d249ef986493fe95d2828e)] -> name: username]
2023-12-19 22:12:722 INFO  HomePage :37 - Entering password into : [[ChromeDriver: chrome on windows (41cdb7ce86d249ef986493fe95d2828e)] -> name: password]
2023-12-19 22:12:830 INFO  HomePage :47 - Clicking on Login Button : [[ChromeDriver: chrome on windows (41cdb7ce86d249ef986493fe95d2828e)] -> xpath: //button[normalize-space()='Login']]
2023-12-19 22:12:527 INFO  HomePage :32 - Entering username into : [[ChromeDriver: chrome on windows (40b2cbf5d9f82eeddabe0e2c13096ecd)] -> name: username]
2023-12-19 22:12:576 INFO  HomePage :37 - Entering password into : [[ChromeDriver: chrome on windows (40b2cbf5d9f82eeddabe0e2c13096ecd)] -> name: password]
2023-12-19 22:12:666 INFO  HomePage :47 - Clicking on Login Button : [[ChromeDriver: chrome on windows (40b2cbf5d9f82eeddabe0e2c13096ecd)] -> xpath: //button[normalize-space()='Login']]
2023-12-19 22:12:608 INFO  HomePage :32 - Entering username into : [[ChromeDriver: chrome on windows (672229bf76c706dc463e8af852de21df)] -> name: username]
2023-12-19 22:12:757 INFO  HomePage :37 - Entering password into : [[ChromeDriver: chrome on windows (672229bf76c706dc463e8af852de21df)] -> name: password]
2023-12-19 22:12:896 INFO  HomePage :47 - Clicking on Login Button : [[ChromeDriver: chrome on windows (672229bf76c706dc463e8af852de21df)] -> xpath: //button[normalize-space()='Login']]
2023-12-19 22:12:927 INFO  HomePage :32 - Entering username into : [[ChromeDriver: chrome on windows (7066938d1306ce62c1037dfbde7f2180)] -> name: username]
2023-12-19 22:12:23 INFO  HomePage :37 - Entering password into : [[ChromeDriver: chrome on windows (7066938d1306ce62c1037dfbde7f2180)] -> name: password]
2023-12-19 22:12:145 INFO  HomePage :47 - Clicking on Login Button : [[ChromeDriver: chrome on windows (7066938d1306ce62c1037dfbde7f2180)] -> xpath: //button[normalize-space()='Login']]
2023-12-19 22:12:309 INFO  HomePage :38 - Clicking on Admin link : [[ChromeDriver: chrome on windows (7066938d1306ce62c1037dfbde7f2180)] -> xpath: //li[1]//a[1]//span[1]]
2023-12-19 22:12:957 INFO  HomePage :78 - Getting text from : [[ChromeDriver: chrome on windows (7066938d1306ce62c1037dfbde7f2180)] -> xpath: //h5[normalize-space()='System Users']]
2023-12-19 22:12:10 INFO  HomePage :118 - Clicking on Add button : [[ChromeDriver: chrome on windows (7066938d1306ce62c1037dfbde7f2180)] -> xpath: //button[normalize-space()='Add']]
2023-12-19 22:12:419 INFO  HomePage :78 - Getting text from : Proxy element for: DefaultElementLocator 'By.xpath: //h5[normalize-space()='System Users']'
2023-12-19 22:12:352 INFO  HomePage :32 - Entering username into : [[ChromeDriver: chrome on windows (ddaf76657743c7c8f60cff0efb71573f)] -> name: username]
2023-12-19 22:12:466 INFO  HomePage :37 - Entering password into : [[ChromeDriver: chrome on windows (ddaf76657743c7c8f60cff0efb71573f)] -> name: password]
2023-12-19 22:12:664 INFO  HomePage :47 - Clicking on Login Button : [[ChromeDriver: chrome on windows (ddaf76657743c7c8f60cff0efb71573f)] -> xpath: //button[normalize-space()='Login']]
2023-12-19 22:12:965 INFO  HomePage :38 - Clicking on Admin link : [[ChromeDriver: chrome on windows (ddaf76657743c7c8f60cff0efb71573f)] -> xpath: //li[1]//a[1]//span[1]]
2023-12-19 22:12:745 INFO  HomePage :78 - Getting text from : [[ChromeDriver: chrome on windows (ddaf76657743c7c8f60cff0efb71573f)] -> xpath: //h5[normalize-space()='System Users']]
2023-12-19 22:12:810 INFO  HomePage :83 - Entering username into : [[ChromeDriver: chrome on windows (ddaf76657743c7c8f60cff0efb71573f)] -> xpath: //div[@class='oxd-input-group oxd-input-field-bottom-space']//div//input[@class='oxd-input oxd-input--active']]
2023-12-19 22:12:960 INFO  HomePage :103 - Selecting status from : [[ChromeDriver: chrome on windows (ddaf76657743c7c8f60cff0efb71573f)] -> xpath: (//div[contains(text(),'-- Select --')])[2]]
2023-12-19 22:12:46 INFO  HomePage :108 - Clicking on Search button : [[ChromeDriver: chrome on windows (ddaf76657743c7c8f60cff0efb71573f)] -> xpath: //button[normalize-space()='Search']]
2023-12-19 22:12:287 INFO  HomePage :142 - Getting text from : [[ChromeDriver: chrome on windows (ddaf76657743c7c8f60cff0efb71573f)] -> xpath: //span[@class='oxd-text oxd-text--span']]
2023-12-19 22:12:140 INFO  HomePage :32 - Entering username into : [[ChromeDriver: chrome on windows (d566d49d88c2bc7141593a4bcfe07456)] -> name: username]
2023-12-19 22:12:238 INFO  HomePage :37 - Entering password into : [[ChromeDriver: chrome on windows (d566d49d88c2bc7141593a4bcfe07456)] -> name: password]
2023-12-19 22:12:354 INFO  HomePage :47 - Clicking on Login Button : [[ChromeDriver: chrome on windows (d566d49d88c2bc7141593a4bcfe07456)] -> xpath: //button[normalize-space()='Login']]
2023-12-19 22:12:534 INFO  HomePage :38 - Clicking on Admin link : [[ChromeDriver: chrome on windows (d566d49d88c2bc7141593a4bcfe07456)] -> xpath: //li[1]//a[1]//span[1]]
2023-12-19 22:12:74 INFO  HomePage :78 - Getting text from : [[ChromeDriver: chrome on windows (d566d49d88c2bc7141593a4bcfe07456)] -> xpath: //h5[normalize-space()='System Users']]
2023-12-19 22:12:138 INFO  HomePage :83 - Entering username into : [[ChromeDriver: chrome on windows (d566d49d88c2bc7141593a4bcfe07456)] -> xpath: //div[@class='oxd-input-group oxd-input-field-bottom-space']//div//input[@class='oxd-input oxd-input--active']]
2023-12-19 22:12:225 INFO  HomePage :103 - Selecting status from : [[ChromeDriver: chrome on windows (d566d49d88c2bc7141593a4bcfe07456)] -> xpath: (//div[contains(text(),'-- Select --')])[2]]
2023-12-19 22:12:396 INFO  HomePage :108 - Clicking on Search button : [[ChromeDriver: chrome on windows (d566d49d88c2bc7141593a4bcfe07456)] -> xpath: //button[normalize-space()='Search']]
2023-12-19 22:12:545 INFO  HomePage :142 - Getting text from : [[ChromeDriver: chrome on windows (d566d49d88c2bc7141593a4bcfe07456)] -> xpath: //span[@class='oxd-text oxd-text--span']]
2023-12-19 22:12:345 INFO  HomePage :32 - Entering username into : [[ChromeDriver: chrome on windows (bc38302bda857585fe9d6eae7f32c654)] -> name: username]
2023-12-19 22:12:409 INFO  HomePage :37 - Entering password into : [[ChromeDriver: chrome on windows (bc38302bda857585fe9d6eae7f32c654)] -> name: password]
2023-12-19 22:12:534 INFO  HomePage :47 - Clicking on Login Button : [[ChromeDriver: chrome on windows (bc38302bda857585fe9d6eae7f32c654)] -> xpath: //button[normalize-space()='Login']]
2023-12-19 22:12:924 INFO  HomePage :38 - Clicking on Admin link : [[ChromeDriver: chrome on windows (bc38302bda857585fe9d6eae7f32c654)] -> xpath: //li[1]//a[1]//span[1]]
2023-12-19 22:12:679 INFO  HomePage :78 - Getting text from : [[ChromeDriver: chrome on windows (bc38302bda857585fe9d6eae7f32c654)] -> xpath: //h5[normalize-space()='System Users']]
2023-12-19 22:12:724 INFO  HomePage :83 - Entering username into : [[ChromeDriver: chrome on windows (bc38302bda857585fe9d6eae7f32c654)] -> xpath: //div[@class='oxd-input-group oxd-input-field-bottom-space']//div//input[@class='oxd-input oxd-input--active']]
2023-12-19 22:12:847 INFO  HomePage :98 - Entering Employee name into : [[ChromeDriver: chrome on windows (bc38302bda857585fe9d6eae7f32c654)] -> xpath: //input[@placeholder='Type for hints...']]
2023-12-19 22:12:121 INFO  HomePage :103 - Selecting status from : [[ChromeDriver: chrome on windows (bc38302bda857585fe9d6eae7f32c654)] -> xpath: (//div[contains(text(),'-- Select --')])[2]]
2023-12-19 22:12:207 INFO  HomePage :108 - Clicking on Search button : [[ChromeDriver: chrome on windows (bc38302bda857585fe9d6eae7f32c654)] -> xpath: //button[normalize-space()='Search']]
2023-12-19 22:12:359 INFO  HomePage :142 - Getting text from : [[ChromeDriver: chrome on windows (bc38302bda857585fe9d6eae7f32c654)] -> xpath: //span[@class='oxd-text oxd-text--span']]
2023-12-19 22:12:91 INFO  HomePage :32 - Entering username into : [[ChromeDriver: chrome on windows (4b6fa82b7dc994e36a0872db632ab571)] -> name: username]
2023-12-19 22:12:273 INFO  HomePage :37 - Entering password into : [[ChromeDriver: chrome on windows (4b6fa82b7dc994e36a0872db632ab571)] -> name: password]
2023-12-19 22:12:450 INFO  HomePage :47 - Clicking on Login Button : [[ChromeDriver: chrome on windows (4b6fa82b7dc994e36a0872db632ab571)] -> xpath: //button[normalize-space()='Login']]
2023-12-19 22:12:695 INFO  HomePage :38 - Clicking on Admin link : [[ChromeDriver: chrome on windows (4b6fa82b7dc994e36a0872db632ab571)] -> xpath: //li[1]//a[1]//span[1]]
2023-12-19 22:12:161 INFO  HomePage :78 - Getting text from : [[ChromeDriver: chrome on windows (4b6fa82b7dc994e36a0872db632ab571)] -> xpath: //h5[normalize-space()='System Users']]
2023-12-19 22:12:218 INFO  HomePage :83 - Entering username into : [[ChromeDriver: chrome on windows (4b6fa82b7dc994e36a0872db632ab571)] -> xpath: //div[@class='oxd-input-group oxd-input-field-bottom-space']//div//input[@class='oxd-input oxd-input--active']]
2023-12-19 22:12:331 INFO  HomePage :98 - Entering Employee name into : [[ChromeDriver: chrome on windows (4b6fa82b7dc994e36a0872db632ab571)] -> xpath: //input[@placeholder='Type for hints...']]
2023-12-19 22:12:503 INFO  HomePage :103 - Selecting status from : [[ChromeDriver: chrome on windows (4b6fa82b7dc994e36a0872db632ab571)] -> xpath: (//div[contains(text(),'-- Select --')])[2]]
2023-12-19 22:12:588 INFO  HomePage :108 - Clicking on Search button : [[ChromeDriver: chrome on windows (4b6fa82b7dc994e36a0872db632ab571)] -> xpath: //button[normalize-space()='Search']]
2023-12-19 22:12:757 INFO  HomePage :142 - Getting text from : [[ChromeDriver: chrome on windows (4b6fa82b7dc994e36a0872db632ab571)] -> xpath: //span[@class='oxd-text oxd-text--span']]
2023-12-19 22:12:317 INFO  HomePage :32 - Entering username into : [[ChromeDriver: chrome on windows (dc8a835b66fe1353977428fa96b52e1f)] -> name: username]
2023-12-19 22:12:406 INFO  HomePage :37 - Entering password into : [[ChromeDriver: chrome on windows (dc8a835b66fe1353977428fa96b52e1f)] -> name: password]
2023-12-19 22:12:552 INFO  HomePage :47 - Clicking on Login Button : [[ChromeDriver: chrome on windows (dc8a835b66fe1353977428fa96b52e1f)] -> xpath: //button[normalize-space()='Login']]
2023-12-19 22:12:796 INFO  HomePage :38 - Clicking on Admin link : [[ChromeDriver: chrome on windows (dc8a835b66fe1353977428fa96b52e1f)] -> xpath: //li[1]//a[1]//span[1]]
2023-12-19 22:12:511 INFO  HomePage :78 - Getting text from : [[ChromeDriver: chrome on windows (dc8a835b66fe1353977428fa96b52e1f)] -> xpath: //h5[normalize-space()='System Users']]
2023-12-19 22:12:566 INFO  HomePage :83 - Entering username into : [[ChromeDriver: chrome on windows (dc8a835b66fe1353977428fa96b52e1f)] -> xpath: //div[@class='oxd-input-group oxd-input-field-bottom-space']//div//input[@class='oxd-input oxd-input--active']]
2023-12-19 22:12:676 INFO  HomePage :98 - Entering Employee name into : [[ChromeDriver: chrome on windows (dc8a835b66fe1353977428fa96b52e1f)] -> xpath: //input[@placeholder='Type for hints...']]
2023-12-19 22:12:883 INFO  HomePage :103 - Selecting status from : [[ChromeDriver: chrome on windows (dc8a835b66fe1353977428fa96b52e1f)] -> xpath: (//div[contains(text(),'-- Select --')])[2]]
2023-12-19 22:12:953 INFO  HomePage :108 - Clicking on Search button : [[ChromeDriver: chrome on windows (dc8a835b66fe1353977428fa96b52e1f)] -> xpath: //button[normalize-space()='Search']]
2023-12-19 22:12:117 INFO  HomePage :142 - Getting text from : [[ChromeDriver: chrome on windows (dc8a835b66fe1353977428fa96b52e1f)] -> xpath: //span[@class='oxd-text oxd-text--span']]
2023-12-19 22:12:501 INFO  HomePage :32 - Entering username into : [[ChromeDriver: chrome on windows (076a6a4cc5454be23934d766af103472)] -> name: username]
2023-12-19 22:12:591 INFO  HomePage :37 - Entering password into : [[ChromeDriver: chrome on windows (076a6a4cc5454be23934d766af103472)] -> name: password]
2023-12-19 22:12:705 INFO  HomePage :47 - Clicking on Login Button : [[ChromeDriver: chrome on windows (076a6a4cc5454be23934d766af103472)] -> xpath: //button[normalize-space()='Login']]
2023-12-19 22:12:42 INFO  HomePage :38 - Clicking on Admin link : [[ChromeDriver: chrome on windows (076a6a4cc5454be23934d766af103472)] -> xpath: //li[1]//a[1]//span[1]]
2023-12-19 22:12:37 INFO  HomePage :78 - Getting text from : [[ChromeDriver: chrome on windows (076a6a4cc5454be23934d766af103472)] -> xpath: //h5[normalize-space()='System Users']]
2023-12-19 22:12:122 INFO  HomePage :83 - Entering username into : [[ChromeDriver: chrome on windows (076a6a4cc5454be23934d766af103472)] -> xpath: //div[@class='oxd-input-group oxd-input-field-bottom-space']//div//input[@class='oxd-input oxd-input--active']]
2023-12-19 22:12:601 INFO  HomePage :98 - Entering Employee name into : [[ChromeDriver: chrome on windows (076a6a4cc5454be23934d766af103472)] -> xpath: //input[@placeholder='Type for hints...']]
2023-12-19 22:12:748 INFO  HomePage :103 - Selecting status from : [[ChromeDriver: chrome on windows (076a6a4cc5454be23934d766af103472)] -> xpath: (//div[contains(text(),'-- Select --')])[2]]
2023-12-19 22:12:881 INFO  HomePage :108 - Clicking on Search button : [[ChromeDriver: chrome on windows (076a6a4cc5454be23934d766af103472)] -> xpath: //button[normalize-space()='Search']]
2023-12-19 22:12:60 INFO  HomePage :142 - Getting text from : [[ChromeDriver: chrome on windows (076a6a4cc5454be23934d766af103472)] -> xpath: //span[@class='oxd-text oxd-text--span']]
